{"C:\\Users\\isaia\\OneDrive\\Área de Trabalho\\projetos\\ApiOnly\\src\\controllers\\courseController.js": {"path":"C:\\Users\\isaia\\OneDrive\\Área de Trabalho\\projetos\\ApiOnly\\src\\controllers\\courseController.js","statementMap":{"0":{"start":{"line":1,"column":15},"end":{"line":1,"column":39}},"1":{"start":{"line":2,"column":64},"end":{"line":2,"column":88}},"2":{"start":{"line":3,"column":15},"end":{"line":3,"column":32}},"3":{"start":{"line":6,"column":36},"end":{"line":72,"column":1}},"4":{"start":{"line":7,"column":4},"end":{"line":71,"column":5}},"5":{"start":{"line":9,"column":31},"end":{"line":9,"column":53}},"6":{"start":{"line":10,"column":8},"end":{"line":15,"column":9}},"7":{"start":{"line":11,"column":12},"end":{"line":14,"column":14}},"8":{"start":{"line":18,"column":23},"end":{"line":20,"column":10}},"9":{"start":{"line":21,"column":8},"end":{"line":26,"column":9}},"10":{"start":{"line":22,"column":12},"end":{"line":25,"column":14}},"11":{"start":{"line":29,"column":23},"end":{"line":31,"column":10}},"12":{"start":{"line":34,"column":24},"end":{"line":59,"column":10}},"13":{"start":{"line":62,"column":8},"end":{"line":65,"column":10}},"14":{"start":{"line":67,"column":8},"end":{"line":70,"column":10}},"15":{"start":{"line":74,"column":29},"end":{"line":126,"column":1}},"16":{"start":{"line":75,"column":4},"end":{"line":125,"column":5}},"17":{"start":{"line":77,"column":23},"end":{"line":77,"column":96}},"18":{"start":{"line":78,"column":8},"end":{"line":83,"column":9}},"19":{"start":{"line":79,"column":12},"end":{"line":82,"column":14}},"20":{"start":{"line":86,"column":21},"end":{"line":89,"column":10}},"21":{"start":{"line":90,"column":8},"end":{"line":95,"column":9}},"22":{"start":{"line":91,"column":12},"end":{"line":94,"column":14}},"23":{"start":{"line":98,"column":31},"end":{"line":98,"column":73}},"24":{"start":{"line":98,"column":54},"end":{"line":98,"column":72}},"25":{"start":{"line":99,"column":8},"end":{"line":104,"column":9}},"26":{"start":{"line":100,"column":12},"end":{"line":103,"column":14}},"27":{"start":{"line":107,"column":8},"end":{"line":114,"column":11}},"28":{"start":{"line":116,"column":8},"end":{"line":119,"column":10}},"29":{"start":{"line":121,"column":8},"end":{"line":124,"column":10}},"30":{"start":{"line":128,"column":23},"end":{"line":180,"column":1}},"31":{"start":{"line":129,"column":4},"end":{"line":179,"column":5}},"32":{"start":{"line":131,"column":23},"end":{"line":131,"column":96}},"33":{"start":{"line":132,"column":8},"end":{"line":137,"column":9}},"34":{"start":{"line":133,"column":12},"end":{"line":136,"column":14}},"35":{"start":{"line":140,"column":21},"end":{"line":143,"column":10}},"36":{"start":{"line":144,"column":8},"end":{"line":149,"column":9}},"37":{"start":{"line":145,"column":12},"end":{"line":148,"column":14}},"38":{"start":{"line":152,"column":31},"end":{"line":152,"column":73}},"39":{"start":{"line":152,"column":54},"end":{"line":152,"column":72}},"40":{"start":{"line":153,"column":8},"end":{"line":158,"column":9}},"41":{"start":{"line":154,"column":12},"end":{"line":157,"column":14}},"42":{"start":{"line":161,"column":8},"end":{"line":168,"column":11}},"43":{"start":{"line":170,"column":8},"end":{"line":173,"column":10}},"44":{"start":{"line":175,"column":8},"end":{"line":178,"column":10}},"45":{"start":{"line":182,"column":21},"end":{"line":207,"column":1}},"46":{"start":{"line":183,"column":4},"end":{"line":206,"column":5}},"47":{"start":{"line":184,"column":26},"end":{"line":192,"column":10}},"48":{"start":{"line":194,"column":8},"end":{"line":200,"column":10}},"49":{"start":{"line":202,"column":8},"end":{"line":205,"column":10}},"50":{"start":{"line":209,"column":35},"end":{"line":259,"column":1}},"51":{"start":{"line":210,"column":4},"end":{"line":258,"column":5}},"52":{"start":{"line":212,"column":28},"end":{"line":212,"column":45}},"53":{"start":{"line":213,"column":8},"end":{"line":215,"column":9}},"54":{"start":{"line":214,"column":12},"end":{"line":214,"column":57}},"55":{"start":{"line":217,"column":23},"end":{"line":225,"column":10}},"56":{"start":{"line":228,"column":31},"end":{"line":235,"column":11}},"57":{"start":{"line":228,"column":60},"end":{"line":235,"column":9}},"58":{"start":{"line":237,"column":8},"end":{"line":237,"column":65}},"59":{"start":{"line":240,"column":37},"end":{"line":243,"column":10}},"60":{"start":{"line":245,"column":8},"end":{"line":252,"column":10}},"61":{"start":{"line":254,"column":8},"end":{"line":257,"column":10}},"62":{"start":{"line":262,"column":19},"end":{"line":277,"column":1}},"63":{"start":{"line":263,"column":4},"end":{"line":276,"column":5}},"64":{"start":{"line":264,"column":24},"end":{"line":266,"column":10}},"65":{"start":{"line":267,"column":8},"end":{"line":270,"column":10}},"66":{"start":{"line":272,"column":8},"end":{"line":275,"column":10}},"67":{"start":{"line":280,"column":22},"end":{"line":304,"column":1}},"68":{"start":{"line":281,"column":4},"end":{"line":303,"column":5}},"69":{"start":{"line":282,"column":23},"end":{"line":285,"column":10}},"70":{"start":{"line":287,"column":8},"end":{"line":292,"column":9}},"71":{"start":{"line":288,"column":12},"end":{"line":291,"column":14}},"72":{"start":{"line":294,"column":8},"end":{"line":297,"column":10}},"73":{"start":{"line":299,"column":8},"end":{"line":302,"column":10}},"74":{"start":{"line":307,"column":21},"end":{"line":333,"column":1}},"75":{"start":{"line":308,"column":4},"end":{"line":332,"column":5}},"76":{"start":{"line":309,"column":30},"end":{"line":318,"column":10}},"77":{"start":{"line":320,"column":8},"end":{"line":326,"column":10}},"78":{"start":{"line":328,"column":8},"end":{"line":331,"column":10}},"79":{"start":{"line":336,"column":21},"end":{"line":365,"column":1}},"80":{"start":{"line":337,"column":4},"end":{"line":364,"column":5}},"81":{"start":{"line":338,"column":25},"end":{"line":338,"column":41}},"82":{"start":{"line":341,"column":27},"end":{"line":343,"column":10}},"83":{"start":{"line":346,"column":8},"end":{"line":350,"column":9}},"84":{"start":{"line":347,"column":12},"end":{"line":349,"column":15}},"85":{"start":{"line":353,"column":8},"end":{"line":353,"column":64}},"86":{"start":{"line":355,"column":8},"end":{"line":358,"column":10}},"87":{"start":{"line":360,"column":8},"end":{"line":363,"column":10}},"88":{"start":{"line":367,"column":26},"end":{"line":419,"column":1}},"89":{"start":{"line":368,"column":4},"end":{"line":418,"column":5}},"90":{"start":{"line":370,"column":23},"end":{"line":370,"column":96}},"91":{"start":{"line":371,"column":8},"end":{"line":376,"column":9}},"92":{"start":{"line":372,"column":12},"end":{"line":375,"column":14}},"93":{"start":{"line":379,"column":21},"end":{"line":382,"column":10}},"94":{"start":{"line":383,"column":8},"end":{"line":388,"column":9}},"95":{"start":{"line":384,"column":12},"end":{"line":387,"column":14}},"96":{"start":{"line":391,"column":29},"end":{"line":391,"column":71}},"97":{"start":{"line":391,"column":52},"end":{"line":391,"column":70}},"98":{"start":{"line":392,"column":8},"end":{"line":397,"column":9}},"99":{"start":{"line":393,"column":12},"end":{"line":396,"column":14}},"100":{"start":{"line":400,"column":8},"end":{"line":407,"column":11}},"101":{"start":{"line":409,"column":8},"end":{"line":412,"column":10}},"102":{"start":{"line":414,"column":8},"end":{"line":417,"column":10}},"103":{"start":{"line":421,"column":29},"end":{"line":450,"column":1}},"104":{"start":{"line":422,"column":4},"end":{"line":449,"column":5}},"105":{"start":{"line":423,"column":23},"end":{"line":423,"column":96}},"106":{"start":{"line":424,"column":8},"end":{"line":429,"column":9}},"107":{"start":{"line":425,"column":12},"end":{"line":428,"column":14}},"108":{"start":{"line":431,"column":25},"end":{"line":438,"column":10}},"109":{"start":{"line":440,"column":8},"end":{"line":443,"column":10}},"110":{"start":{"line":445,"column":8},"end":{"line":448,"column":10}},"111":{"start":{"line":452,"column":31},"end":{"line":476,"column":1}},"112":{"start":{"line":453,"column":4},"end":{"line":475,"column":5}},"113":{"start":{"line":454,"column":23},"end":{"line":454,"column":96}},"114":{"start":{"line":455,"column":8},"end":{"line":460,"column":9}},"115":{"start":{"line":456,"column":12},"end":{"line":459,"column":14}},"116":{"start":{"line":462,"column":26},"end":{"line":464,"column":10}},"117":{"start":{"line":466,"column":8},"end":{"line":469,"column":10}},"118":{"start":{"line":471,"column":8},"end":{"line":474,"column":10}},"119":{"start":{"line":478,"column":23},"end":{"line":507,"column":1}},"120":{"start":{"line":479,"column":4},"end":{"line":506,"column":5}},"121":{"start":{"line":480,"column":25},"end":{"line":480,"column":102}},"122":{"start":{"line":481,"column":8},"end":{"line":486,"column":9}},"123":{"start":{"line":482,"column":12},"end":{"line":485,"column":14}},"124":{"start":{"line":488,"column":32},"end":{"line":495,"column":10}},"125":{"start":{"line":497,"column":8},"end":{"line":500,"column":10}},"126":{"start":{"line":502,"column":8},"end":{"line":505,"column":10}},"127":{"start":{"line":509,"column":23},"end":{"line":531,"column":1}},"128":{"start":{"line":510,"column":4},"end":{"line":530,"column":5}},"129":{"start":{"line":511,"column":25},"end":{"line":511,"column":102}},"130":{"start":{"line":512,"column":8},"end":{"line":517,"column":9}},"131":{"start":{"line":513,"column":12},"end":{"line":516,"column":14}},"132":{"start":{"line":519,"column":8},"end":{"line":519,"column":82}},"133":{"start":{"line":521,"column":8},"end":{"line":524,"column":10}},"134":{"start":{"line":526,"column":8},"end":{"line":529,"column":10}},"135":{"start":{"line":533,"column":0},"end":{"line":548,"column":2}}},"fnMap":{"0":{"name":"(anonymous_0)","decl":{"start":{"line":6,"column":36},"end":{"line":6,"column":37}},"loc":{"start":{"line":6,"column":68},"end":{"line":72,"column":1}},"line":6},"1":{"name":"(anonymous_1)","decl":{"start":{"line":74,"column":29},"end":{"line":74,"column":30}},"loc":{"start":{"line":74,"column":61},"end":{"line":126,"column":1}},"line":74},"2":{"name":"(anonymous_2)","decl":{"start":{"line":98,"column":49},"end":{"line":98,"column":50}},"loc":{"start":{"line":98,"column":54},"end":{"line":98,"column":72}},"line":98},"3":{"name":"(anonymous_3)","decl":{"start":{"line":128,"column":23},"end":{"line":128,"column":24}},"loc":{"start":{"line":128,"column":55},"end":{"line":180,"column":1}},"line":128},"4":{"name":"(anonymous_4)","decl":{"start":{"line":152,"column":49},"end":{"line":152,"column":50}},"loc":{"start":{"line":152,"column":54},"end":{"line":152,"column":72}},"line":152},"5":{"name":"(anonymous_5)","decl":{"start":{"line":182,"column":21},"end":{"line":182,"column":22}},"loc":{"start":{"line":182,"column":84},"end":{"line":207,"column":1}},"line":182},"6":{"name":"(anonymous_6)","decl":{"start":{"line":209,"column":35},"end":{"line":209,"column":36}},"loc":{"start":{"line":209,"column":110},"end":{"line":259,"column":1}},"line":209},"7":{"name":"(anonymous_7)","decl":{"start":{"line":228,"column":46},"end":{"line":228,"column":47}},"loc":{"start":{"line":228,"column":60},"end":{"line":235,"column":9}},"line":228},"8":{"name":"(anonymous_8)","decl":{"start":{"line":262,"column":19},"end":{"line":262,"column":20}},"loc":{"start":{"line":262,"column":31},"end":{"line":277,"column":1}},"line":262},"9":{"name":"(anonymous_9)","decl":{"start":{"line":280,"column":22},"end":{"line":280,"column":23}},"loc":{"start":{"line":280,"column":40},"end":{"line":304,"column":1}},"line":280},"10":{"name":"(anonymous_10)","decl":{"start":{"line":307,"column":21},"end":{"line":307,"column":22}},"loc":{"start":{"line":307,"column":88},"end":{"line":333,"column":1}},"line":307},"11":{"name":"(anonymous_11)","decl":{"start":{"line":336,"column":21},"end":{"line":336,"column":22}},"loc":{"start":{"line":336,"column":39},"end":{"line":365,"column":1}},"line":336},"12":{"name":"(anonymous_12)","decl":{"start":{"line":367,"column":26},"end":{"line":367,"column":27}},"loc":{"start":{"line":367,"column":58},"end":{"line":419,"column":1}},"line":367},"13":{"name":"(anonymous_13)","decl":{"start":{"line":391,"column":47},"end":{"line":391,"column":48}},"loc":{"start":{"line":391,"column":52},"end":{"line":391,"column":70}},"line":391},"14":{"name":"(anonymous_14)","decl":{"start":{"line":421,"column":29},"end":{"line":421,"column":30}},"loc":{"start":{"line":421,"column":78},"end":{"line":450,"column":1}},"line":421},"15":{"name":"(anonymous_15)","decl":{"start":{"line":452,"column":31},"end":{"line":452,"column":32}},"loc":{"start":{"line":452,"column":55},"end":{"line":476,"column":1}},"line":452},"16":{"name":"(anonymous_16)","decl":{"start":{"line":478,"column":23},"end":{"line":478,"column":24}},"loc":{"start":{"line":478,"column":73},"end":{"line":507,"column":1}},"line":478},"17":{"name":"(anonymous_17)","decl":{"start":{"line":509,"column":23},"end":{"line":509,"column":24}},"loc":{"start":{"line":509,"column":49},"end":{"line":531,"column":1}},"line":509}},"branchMap":{"0":{"loc":{"start":{"line":10,"column":8},"end":{"line":15,"column":9}},"type":"if","locations":[{"start":{"line":10,"column":8},"end":{"line":15,"column":9}},{"start":{},"end":{}}],"line":10},"1":{"loc":{"start":{"line":21,"column":8},"end":{"line":26,"column":9}},"type":"if","locations":[{"start":{"line":21,"column":8},"end":{"line":26,"column":9}},{"start":{},"end":{}}],"line":21},"2":{"loc":{"start":{"line":78,"column":8},"end":{"line":83,"column":9}},"type":"if","locations":[{"start":{"line":78,"column":8},"end":{"line":83,"column":9}},{"start":{},"end":{}}],"line":78},"3":{"loc":{"start":{"line":90,"column":8},"end":{"line":95,"column":9}},"type":"if","locations":[{"start":{"line":90,"column":8},"end":{"line":95,"column":9}},{"start":{},"end":{}}],"line":90},"4":{"loc":{"start":{"line":99,"column":8},"end":{"line":104,"column":9}},"type":"if","locations":[{"start":{"line":99,"column":8},"end":{"line":104,"column":9}},{"start":{},"end":{}}],"line":99},"5":{"loc":{"start":{"line":132,"column":8},"end":{"line":137,"column":9}},"type":"if","locations":[{"start":{"line":132,"column":8},"end":{"line":137,"column":9}},{"start":{},"end":{}}],"line":132},"6":{"loc":{"start":{"line":144,"column":8},"end":{"line":149,"column":9}},"type":"if","locations":[{"start":{"line":144,"column":8},"end":{"line":149,"column":9}},{"start":{},"end":{}}],"line":144},"7":{"loc":{"start":{"line":153,"column":8},"end":{"line":158,"column":9}},"type":"if","locations":[{"start":{"line":153,"column":8},"end":{"line":158,"column":9}},{"start":{},"end":{}}],"line":153},"8":{"loc":{"start":{"line":213,"column":8},"end":{"line":215,"column":9}},"type":"if","locations":[{"start":{"line":213,"column":8},"end":{"line":215,"column":9}},{"start":{},"end":{}}],"line":213},"9":{"loc":{"start":{"line":287,"column":8},"end":{"line":292,"column":9}},"type":"if","locations":[{"start":{"line":287,"column":8},"end":{"line":292,"column":9}},{"start":{},"end":{}}],"line":287},"10":{"loc":{"start":{"line":312,"column":20},"end":{"line":312,"column":38}},"type":"binary-expr","locations":[{"start":{"line":312,"column":20},"end":{"line":312,"column":25}},{"start":{"line":312,"column":29},"end":{"line":312,"column":38}}],"line":312},"11":{"loc":{"start":{"line":313,"column":20},"end":{"line":313,"column":50}},"type":"binary-expr","locations":[{"start":{"line":313,"column":20},"end":{"line":313,"column":31}},{"start":{"line":313,"column":35},"end":{"line":313,"column":50}}],"line":313},"12":{"loc":{"start":{"line":314,"column":20},"end":{"line":314,"column":38}},"type":"binary-expr","locations":[{"start":{"line":314,"column":20},"end":{"line":314,"column":25}},{"start":{"line":314,"column":29},"end":{"line":314,"column":38}}],"line":314},"13":{"loc":{"start":{"line":315,"column":20},"end":{"line":315,"column":44}},"type":"binary-expr","locations":[{"start":{"line":315,"column":20},"end":{"line":315,"column":28}},{"start":{"line":315,"column":32},"end":{"line":315,"column":44}}],"line":315},"14":{"loc":{"start":{"line":316,"column":20},"end":{"line":316,"column":48}},"type":"binary-expr","locations":[{"start":{"line":316,"column":20},"end":{"line":316,"column":30}},{"start":{"line":316,"column":34},"end":{"line":316,"column":48}}],"line":316},"15":{"loc":{"start":{"line":346,"column":8},"end":{"line":350,"column":9}},"type":"if","locations":[{"start":{"line":346,"column":8},"end":{"line":350,"column":9}},{"start":{},"end":{}}],"line":346},"16":{"loc":{"start":{"line":371,"column":8},"end":{"line":376,"column":9}},"type":"if","locations":[{"start":{"line":371,"column":8},"end":{"line":376,"column":9}},{"start":{},"end":{}}],"line":371},"17":{"loc":{"start":{"line":383,"column":8},"end":{"line":388,"column":9}},"type":"if","locations":[{"start":{"line":383,"column":8},"end":{"line":388,"column":9}},{"start":{},"end":{}}],"line":383},"18":{"loc":{"start":{"line":392,"column":8},"end":{"line":397,"column":9}},"type":"if","locations":[{"start":{"line":392,"column":8},"end":{"line":397,"column":9}},{"start":{},"end":{}}],"line":392},"19":{"loc":{"start":{"line":424,"column":8},"end":{"line":429,"column":9}},"type":"if","locations":[{"start":{"line":424,"column":8},"end":{"line":429,"column":9}},{"start":{},"end":{}}],"line":424},"20":{"loc":{"start":{"line":455,"column":8},"end":{"line":460,"column":9}},"type":"if","locations":[{"start":{"line":455,"column":8},"end":{"line":460,"column":9}},{"start":{},"end":{}}],"line":455},"21":{"loc":{"start":{"line":481,"column":8},"end":{"line":486,"column":9}},"type":"if","locations":[{"start":{"line":481,"column":8},"end":{"line":486,"column":9}},{"start":{},"end":{}}],"line":481},"22":{"loc":{"start":{"line":491,"column":20},"end":{"line":491,"column":38}},"type":"binary-expr","locations":[{"start":{"line":491,"column":20},"end":{"line":491,"column":25}},{"start":{"line":491,"column":29},"end":{"line":491,"column":38}}],"line":491},"23":{"loc":{"start":{"line":492,"column":20},"end":{"line":492,"column":42}},"type":"binary-expr","locations":[{"start":{"line":492,"column":20},"end":{"line":492,"column":27}},{"start":{"line":492,"column":31},"end":{"line":492,"column":42}}],"line":492},"24":{"loc":{"start":{"line":493,"column":20},"end":{"line":493,"column":40}},"type":"binary-expr","locations":[{"start":{"line":493,"column":20},"end":{"line":493,"column":26}},{"start":{"line":493,"column":30},"end":{"line":493,"column":40}}],"line":493},"25":{"loc":{"start":{"line":512,"column":8},"end":{"line":517,"column":9}},"type":"if","locations":[{"start":{"line":512,"column":8},"end":{"line":517,"column":9}},{"start":{},"end":{}}],"line":512}},"s":{"0":2,"1":2,"2":2,"3":2,"4":1,"5":1,"6":1,"7":0,"8":1,"9":0,"10":0,"11":0,"12":0,"13":0,"14":1,"15":2,"16":0,"17":0,"18":0,"19":0,"20":0,"21":0,"22":0,"23":0,"24":0,"25":0,"26":0,"27":0,"28":0,"29":0,"30":2,"31":3,"32":3,"33":0,"34":0,"35":0,"36":0,"37":0,"38":0,"39":0,"40":0,"41":0,"42":0,"43":0,"44":3,"45":2,"46":2,"47":2,"48":0,"49":2,"50":2,"51":2,"52":2,"53":2,"54":2,"55":0,"56":0,"57":0,"58":0,"59":0,"60":0,"61":2,"62":2,"63":2,"64":2,"65":0,"66":2,"67":2,"68":2,"69":2,"70":0,"71":0,"72":0,"73":2,"74":2,"75":3,"76":3,"77":0,"78":3,"79":2,"80":3,"81":3,"82":3,"83":0,"84":0,"85":0,"86":0,"87":3,"88":2,"89":3,"90":3,"91":0,"92":0,"93":0,"94":0,"95":0,"96":0,"97":0,"98":0,"99":0,"100":0,"101":0,"102":3,"103":2,"104":0,"105":0,"106":0,"107":0,"108":0,"109":0,"110":0,"111":2,"112":0,"113":0,"114":0,"115":0,"116":0,"117":0,"118":0,"119":2,"120":0,"121":0,"122":0,"123":0,"124":0,"125":0,"126":0,"127":2,"128":0,"129":0,"130":0,"131":0,"132":0,"133":0,"134":0,"135":2},"f":{"0":1,"1":0,"2":0,"3":3,"4":0,"5":2,"6":2,"7":0,"8":2,"9":2,"10":3,"11":3,"12":3,"13":0,"14":0,"15":0,"16":0,"17":0},"b":{"0":[0,1],"1":[0,0],"2":[0,0],"3":[0,0],"4":[0,0],"5":[0,0],"6":[0,0],"7":[0,0],"8":[2,0],"9":[0,0],"10":[0,0],"11":[0,0],"12":[0,0],"13":[0,0],"14":[0,0],"15":[0,0],"16":[0,0],"17":[0,0],"18":[0,0],"19":[0,0],"20":[0,0],"21":[0,0],"22":[0,0],"23":[0,0],"24":[0,0],"25":[0,0]},"_coverageSchema":"1a1c01bbd47fc00a2c39e90264f33305004495a9","hash":"d1bc21deda8935975a5028990762851802dbe16a"}
,"C:\\Users\\isaia\\OneDrive\\Área de Trabalho\\projetos\\ApiOnly\\src\\controllers\\userController.js": {"path":"C:\\Users\\isaia\\OneDrive\\Área de Trabalho\\projetos\\ApiOnly\\src\\controllers\\userController.js","statementMap":{"0":{"start":{"line":1,"column":15},"end":{"line":1,"column":39}},"1":{"start":{"line":2,"column":12},"end":{"line":2,"column":35}},"2":{"start":{"line":3,"column":15},"end":{"line":3,"column":32}},"3":{"start":{"line":4,"column":20},"end":{"line":4,"column":22}},"4":{"start":{"line":5,"column":26},"end":{"line":5,"column":59}},"5":{"start":{"line":6,"column":19},"end":{"line":6,"column":40}},"6":{"start":{"line":7,"column":15},"end":{"line":7,"column":38}},"7":{"start":{"line":8,"column":0},"end":{"line":8,"column":27}},"8":{"start":{"line":11,"column":64},"end":{"line":11,"column":88}},"9":{"start":{"line":12,"column":30},"end":{"line":12,"column":59}},"10":{"start":{"line":14,"column":19},"end":{"line":24,"column":1}},"11":{"start":{"line":15,"column":18},"end":{"line":15,"column":59}},"12":{"start":{"line":17,"column":4},"end":{"line":19,"column":5}},"13":{"start":{"line":18,"column":8},"end":{"line":18,"column":72}},"14":{"start":{"line":21,"column":4},"end":{"line":21,"column":41}},"15":{"start":{"line":23,"column":4},"end":{"line":23,"column":77}},"16":{"start":{"line":26,"column":19},"end":{"line":119,"column":1}},"17":{"start":{"line":27,"column":4},"end":{"line":118,"column":5}},"18":{"start":{"line":29,"column":27},"end":{"line":29,"column":58}},"19":{"start":{"line":30,"column":8},"end":{"line":35,"column":9}},"20":{"start":{"line":31,"column":12},"end":{"line":34,"column":13}},"21":{"start":{"line":38,"column":30},"end":{"line":38,"column":72}},"22":{"start":{"line":39,"column":8},"end":{"line":44,"column":9}},"23":{"start":{"line":40,"column":12},"end":{"line":43,"column":14}},"24":{"start":{"line":47,"column":25},"end":{"line":47,"column":35}},"25":{"start":{"line":48,"column":8},"end":{"line":53,"column":9}},"26":{"start":{"line":49,"column":12},"end":{"line":52,"column":14}},"27":{"start":{"line":56,"column":29},"end":{"line":58,"column":10}},"28":{"start":{"line":60,"column":8},"end":{"line":65,"column":9}},"29":{"start":{"line":61,"column":12},"end":{"line":64,"column":14}},"30":{"start":{"line":67,"column":31},"end":{"line":67,"column":68}},"31":{"start":{"line":69,"column":24},"end":{"line":81,"column":10}},"32":{"start":{"line":83,"column":22},"end":{"line":93,"column":10}},"33":{"start":{"line":95,"column":8},"end":{"line":112,"column":10}},"34":{"start":{"line":114,"column":8},"end":{"line":117,"column":10}},"35":{"start":{"line":122,"column":18},"end":{"line":183,"column":1}},"36":{"start":{"line":123,"column":4},"end":{"line":182,"column":5}},"37":{"start":{"line":124,"column":21},"end":{"line":127,"column":10}},"38":{"start":{"line":129,"column":8},"end":{"line":134,"column":9}},"39":{"start":{"line":130,"column":12},"end":{"line":133,"column":14}},"40":{"start":{"line":137,"column":27},"end":{"line":137,"column":58}},"41":{"start":{"line":138,"column":8},"end":{"line":143,"column":9}},"42":{"start":{"line":139,"column":12},"end":{"line":142,"column":14}},"43":{"start":{"line":146,"column":28},"end":{"line":146,"column":67}},"44":{"start":{"line":147,"column":8},"end":{"line":152,"column":9}},"45":{"start":{"line":148,"column":12},"end":{"line":151,"column":14}},"46":{"start":{"line":154,"column":22},"end":{"line":165,"column":55}},"47":{"start":{"line":167,"column":42},"end":{"line":167,"column":46}},"48":{"start":{"line":169,"column":8},"end":{"line":176,"column":10}},"49":{"start":{"line":178,"column":8},"end":{"line":181,"column":10}},"50":{"start":{"line":186,"column":27},"end":{"line":229,"column":1}},"51":{"start":{"line":187,"column":4},"end":{"line":228,"column":5}},"52":{"start":{"line":188,"column":21},"end":{"line":188,"column":86}},"53":{"start":{"line":190,"column":8},"end":{"line":195,"column":9}},"54":{"start":{"line":191,"column":12},"end":{"line":194,"column":14}},"55":{"start":{"line":197,"column":33},"end":{"line":197,"column":77}},"56":{"start":{"line":198,"column":8},"end":{"line":203,"column":9}},"57":{"start":{"line":199,"column":12},"end":{"line":202,"column":14}},"58":{"start":{"line":205,"column":8},"end":{"line":210,"column":9}},"59":{"start":{"line":206,"column":12},"end":{"line":209,"column":14}},"60":{"start":{"line":212,"column":30},"end":{"line":212,"column":71}},"61":{"start":{"line":214,"column":8},"end":{"line":217,"column":11}},"62":{"start":{"line":219,"column":8},"end":{"line":222,"column":10}},"63":{"start":{"line":224,"column":8},"end":{"line":227,"column":10}},"64":{"start":{"line":231,"column":17},"end":{"line":246,"column":1}},"65":{"start":{"line":232,"column":4},"end":{"line":245,"column":5}},"66":{"start":{"line":233,"column":22},"end":{"line":233,"column":50}},"67":{"start":{"line":234,"column":37},"end":{"line":237,"column":10}},"68":{"start":{"line":235,"column":43},"end":{"line":235,"column":47}},"69":{"start":{"line":236,"column":12},"end":{"line":236,"column":28}},"70":{"start":{"line":239,"column":8},"end":{"line":239,"column":76}},"71":{"start":{"line":241,"column":8},"end":{"line":244,"column":10}},"72":{"start":{"line":248,"column":20},"end":{"line":277,"column":1}},"73":{"start":{"line":249,"column":4},"end":{"line":276,"column":5}},"74":{"start":{"line":250,"column":21},"end":{"line":253,"column":10}},"75":{"start":{"line":255,"column":8},"end":{"line":260,"column":9}},"76":{"start":{"line":256,"column":12},"end":{"line":259,"column":14}},"77":{"start":{"line":262,"column":50},"end":{"line":262,"column":54}},"78":{"start":{"line":263,"column":8},"end":{"line":270,"column":10}},"79":{"start":{"line":272,"column":8},"end":{"line":275,"column":10}},"80":{"start":{"line":279,"column":19},"end":{"line":344,"column":1}},"81":{"start":{"line":290,"column":4},"end":{"line":343,"column":5}},"82":{"start":{"line":291,"column":28},"end":{"line":312,"column":10}},"83":{"start":{"line":315,"column":25},"end":{"line":328,"column":9}},"84":{"start":{"line":330,"column":8},"end":{"line":337,"column":10}},"85":{"start":{"line":339,"column":8},"end":{"line":342,"column":10}},"86":{"start":{"line":348,"column":19},"end":{"line":362,"column":1}},"87":{"start":{"line":349,"column":4},"end":{"line":361,"column":5}},"88":{"start":{"line":350,"column":8},"end":{"line":350,"column":70}},"89":{"start":{"line":351,"column":8},"end":{"line":354,"column":10}},"90":{"start":{"line":357,"column":8},"end":{"line":360,"column":10}},"91":{"start":{"line":364,"column":23},"end":{"line":419,"column":1}},"92":{"start":{"line":365,"column":4},"end":{"line":418,"column":5}},"93":{"start":{"line":366,"column":21},"end":{"line":368,"column":10}},"94":{"start":{"line":370,"column":8},"end":{"line":375,"column":9}},"95":{"start":{"line":371,"column":12},"end":{"line":374,"column":14}},"96":{"start":{"line":377,"column":27},"end":{"line":379,"column":10}},"97":{"start":{"line":381,"column":28},"end":{"line":387,"column":10}},"98":{"start":{"line":389,"column":28},"end":{"line":405,"column":9}},"99":{"start":{"line":407,"column":8},"end":{"line":407,"column":48}},"100":{"start":{"line":409,"column":8},"end":{"line":412,"column":10}},"101":{"start":{"line":414,"column":8},"end":{"line":417,"column":10}},"102":{"start":{"line":421,"column":22},"end":{"line":450,"column":1}},"103":{"start":{"line":422,"column":4},"end":{"line":449,"column":5}},"104":{"start":{"line":423,"column":24},"end":{"line":423,"column":65}},"105":{"start":{"line":424,"column":21},"end":{"line":424,"column":80}},"106":{"start":{"line":426,"column":8},"end":{"line":431,"column":9}},"107":{"start":{"line":427,"column":12},"end":{"line":430,"column":14}},"108":{"start":{"line":433,"column":31},"end":{"line":433,"column":71}},"109":{"start":{"line":435,"column":8},"end":{"line":438,"column":11}},"110":{"start":{"line":440,"column":8},"end":{"line":443,"column":10}},"111":{"start":{"line":445,"column":8},"end":{"line":448,"column":10}},"112":{"start":{"line":452,"column":29},"end":{"line":478,"column":1}},"113":{"start":{"line":453,"column":4},"end":{"line":477,"column":5}},"114":{"start":{"line":455,"column":28},"end":{"line":458,"column":10}},"115":{"start":{"line":461,"column":25},"end":{"line":461,"column":78}},"116":{"start":{"line":464,"column":8},"end":{"line":471,"column":10}},"117":{"start":{"line":473,"column":8},"end":{"line":476,"column":10}},"118":{"start":{"line":481,"column":29},"end":{"line":505,"column":1}},"119":{"start":{"line":482,"column":4},"end":{"line":504,"column":5}},"120":{"start":{"line":483,"column":28},"end":{"line":486,"column":10}},"121":{"start":{"line":489,"column":25},"end":{"line":489,"column":78}},"122":{"start":{"line":491,"column":8},"end":{"line":498,"column":10}},"123":{"start":{"line":500,"column":8},"end":{"line":503,"column":10}},"124":{"start":{"line":507,"column":26},"end":{"line":531,"column":1}},"125":{"start":{"line":508,"column":4},"end":{"line":530,"column":5}},"126":{"start":{"line":509,"column":28},"end":{"line":512,"column":10}},"127":{"start":{"line":515,"column":25},"end":{"line":515,"column":78}},"128":{"start":{"line":517,"column":8},"end":{"line":524,"column":10}},"129":{"start":{"line":526,"column":8},"end":{"line":529,"column":10}},"130":{"start":{"line":533,"column":0},"end":{"line":548,"column":2}}},"fnMap":{"0":{"name":"(anonymous_0)","decl":{"start":{"line":14,"column":19},"end":{"line":14,"column":20}},"loc":{"start":{"line":14,"column":39},"end":{"line":24,"column":1}},"line":14},"1":{"name":"(anonymous_1)","decl":{"start":{"line":26,"column":19},"end":{"line":26,"column":20}},"loc":{"start":{"line":26,"column":85},"end":{"line":119,"column":1}},"line":26},"2":{"name":"(anonymous_2)","decl":{"start":{"line":122,"column":18},"end":{"line":122,"column":19}},"loc":{"start":{"line":122,"column":52},"end":{"line":183,"column":1}},"line":122},"3":{"name":"(anonymous_3)","decl":{"start":{"line":186,"column":27},"end":{"line":186,"column":28}},"loc":{"start":{"line":186,"column":68},"end":{"line":229,"column":1}},"line":186},"4":{"name":"(anonymous_4)","decl":{"start":{"line":231,"column":17},"end":{"line":231,"column":18}},"loc":{"start":{"line":231,"column":29},"end":{"line":246,"column":1}},"line":231},"5":{"name":"(anonymous_5)","decl":{"start":{"line":234,"column":47},"end":{"line":234,"column":48}},"loc":{"start":{"line":234,"column":57},"end":{"line":237,"column":9}},"line":234},"6":{"name":"(anonymous_6)","decl":{"start":{"line":248,"column":20},"end":{"line":248,"column":21}},"loc":{"start":{"line":248,"column":38},"end":{"line":277,"column":1}},"line":248},"7":{"name":"(anonymous_7)","decl":{"start":{"line":279,"column":19},"end":{"line":279,"column":20}},"loc":{"start":{"line":289,"column":6},"end":{"line":344,"column":1}},"line":289},"8":{"name":"(anonymous_8)","decl":{"start":{"line":348,"column":19},"end":{"line":348,"column":20}},"loc":{"start":{"line":348,"column":37},"end":{"line":362,"column":1}},"line":348},"9":{"name":"(anonymous_9)","decl":{"start":{"line":364,"column":23},"end":{"line":364,"column":24}},"loc":{"start":{"line":364,"column":44},"end":{"line":419,"column":1}},"line":364},"10":{"name":"(anonymous_10)","decl":{"start":{"line":421,"column":22},"end":{"line":421,"column":23}},"loc":{"start":{"line":421,"column":53},"end":{"line":450,"column":1}},"line":421},"11":{"name":"(anonymous_11)","decl":{"start":{"line":452,"column":29},"end":{"line":452,"column":30}},"loc":{"start":{"line":452,"column":53},"end":{"line":478,"column":1}},"line":452},"12":{"name":"(anonymous_12)","decl":{"start":{"line":481,"column":29},"end":{"line":481,"column":30}},"loc":{"start":{"line":481,"column":47},"end":{"line":505,"column":1}},"line":481},"13":{"name":"(anonymous_13)","decl":{"start":{"line":507,"column":26},"end":{"line":507,"column":27}},"loc":{"start":{"line":507,"column":60},"end":{"line":531,"column":1}},"line":507}},"branchMap":{"0":{"loc":{"start":{"line":17,"column":4},"end":{"line":19,"column":5}},"type":"if","locations":[{"start":{"line":17,"column":4},"end":{"line":19,"column":5}},{"start":{},"end":{}}],"line":17},"1":{"loc":{"start":{"line":26,"column":48},"end":{"line":26,"column":62}},"type":"default-arg","locations":[{"start":{"line":26,"column":55},"end":{"line":26,"column":62}}],"line":26},"2":{"loc":{"start":{"line":30,"column":8},"end":{"line":35,"column":9}},"type":"if","locations":[{"start":{"line":30,"column":8},"end":{"line":35,"column":9}},{"start":{},"end":{}}],"line":30},"3":{"loc":{"start":{"line":39,"column":8},"end":{"line":44,"column":9}},"type":"if","locations":[{"start":{"line":39,"column":8},"end":{"line":44,"column":9}},{"start":{},"end":{}}],"line":39},"4":{"loc":{"start":{"line":48,"column":8},"end":{"line":53,"column":9}},"type":"if","locations":[{"start":{"line":48,"column":8},"end":{"line":53,"column":9}},{"start":{},"end":{}}],"line":48},"5":{"loc":{"start":{"line":60,"column":8},"end":{"line":65,"column":9}},"type":"if","locations":[{"start":{"line":60,"column":8},"end":{"line":65,"column":9}},{"start":{},"end":{}}],"line":60},"6":{"loc":{"start":{"line":129,"column":8},"end":{"line":134,"column":9}},"type":"if","locations":[{"start":{"line":129,"column":8},"end":{"line":134,"column":9}},{"start":{},"end":{}}],"line":129},"7":{"loc":{"start":{"line":138,"column":8},"end":{"line":143,"column":9}},"type":"if","locations":[{"start":{"line":138,"column":8},"end":{"line":143,"column":9}},{"start":{},"end":{}}],"line":138},"8":{"loc":{"start":{"line":147,"column":8},"end":{"line":152,"column":9}},"type":"if","locations":[{"start":{"line":147,"column":8},"end":{"line":152,"column":9}},{"start":{},"end":{}}],"line":147},"9":{"loc":{"start":{"line":190,"column":8},"end":{"line":195,"column":9}},"type":"if","locations":[{"start":{"line":190,"column":8},"end":{"line":195,"column":9}},{"start":{},"end":{}}],"line":190},"10":{"loc":{"start":{"line":198,"column":8},"end":{"line":203,"column":9}},"type":"if","locations":[{"start":{"line":198,"column":8},"end":{"line":203,"column":9}},{"start":{},"end":{}}],"line":198},"11":{"loc":{"start":{"line":205,"column":8},"end":{"line":210,"column":9}},"type":"if","locations":[{"start":{"line":205,"column":8},"end":{"line":210,"column":9}},{"start":{},"end":{}}],"line":205},"12":{"loc":{"start":{"line":255,"column":8},"end":{"line":260,"column":9}},"type":"if","locations":[{"start":{"line":255,"column":8},"end":{"line":260,"column":9}},{"start":{},"end":{}}],"line":255},"13":{"loc":{"start":{"line":294,"column":20},"end":{"line":294,"column":36}},"type":"binary-expr","locations":[{"start":{"line":294,"column":20},"end":{"line":294,"column":24}},{"start":{"line":294,"column":28},"end":{"line":294,"column":36}}],"line":294},"14":{"loc":{"start":{"line":295,"column":20},"end":{"line":295,"column":38}},"type":"binary-expr","locations":[{"start":{"line":295,"column":20},"end":{"line":295,"column":25}},{"start":{"line":295,"column":29},"end":{"line":295,"column":38}}],"line":295},"15":{"loc":{"start":{"line":296,"column":20},"end":{"line":296,"column":40}},"type":"binary-expr","locations":[{"start":{"line":296,"column":20},"end":{"line":296,"column":26}},{"start":{"line":296,"column":30},"end":{"line":296,"column":40}}],"line":296},"16":{"loc":{"start":{"line":297,"column":20},"end":{"line":297,"column":38}},"type":"binary-expr","locations":[{"start":{"line":297,"column":20},"end":{"line":297,"column":25}},{"start":{"line":297,"column":29},"end":{"line":297,"column":38}}],"line":297},"17":{"loc":{"start":{"line":298,"column":20},"end":{"line":298,"column":56}},"type":"binary-expr","locations":[{"start":{"line":298,"column":20},"end":{"line":298,"column":34}},{"start":{"line":298,"column":38},"end":{"line":298,"column":56}}],"line":298},"18":{"loc":{"start":{"line":299,"column":20},"end":{"line":299,"column":38}},"type":"binary-expr","locations":[{"start":{"line":299,"column":20},"end":{"line":299,"column":25}},{"start":{"line":299,"column":29},"end":{"line":299,"column":38}}],"line":299},"19":{"loc":{"start":{"line":300,"column":20},"end":{"line":300,"column":34}},"type":"binary-expr","locations":[{"start":{"line":300,"column":20},"end":{"line":300,"column":23}},{"start":{"line":300,"column":27},"end":{"line":300,"column":34}}],"line":300},"20":{"loc":{"start":{"line":301,"column":20},"end":{"line":301,"column":46}},"type":"binary-expr","locations":[{"start":{"line":301,"column":20},"end":{"line":301,"column":29}},{"start":{"line":301,"column":33},"end":{"line":301,"column":46}}],"line":301},"21":{"loc":{"start":{"line":370,"column":8},"end":{"line":375,"column":9}},"type":"if","locations":[{"start":{"line":370,"column":8},"end":{"line":375,"column":9}},{"start":{},"end":{}}],"line":370},"22":{"loc":{"start":{"line":426,"column":8},"end":{"line":431,"column":9}},"type":"if","locations":[{"start":{"line":426,"column":8},"end":{"line":431,"column":9}},{"start":{},"end":{}}],"line":426}},"s":{"0":1,"1":1,"2":1,"3":1,"4":1,"5":1,"6":1,"7":1,"8":1,"9":1,"10":1,"11":0,"12":0,"13":0,"14":0,"15":0,"16":1,"17":6,"18":6,"19":6,"20":1,"21":5,"22":5,"23":2,"24":3,"25":3,"26":1,"27":2,"28":2,"29":1,"30":1,"31":1,"32":1,"33":1,"34":0,"35":1,"36":3,"37":3,"38":3,"39":1,"40":2,"41":2,"42":0,"43":2,"44":2,"45":1,"46":1,"47":1,"48":1,"49":0,"50":1,"51":2,"52":2,"53":2,"54":1,"55":1,"56":1,"57":1,"58":0,"59":0,"60":0,"61":0,"62":0,"63":0,"64":1,"65":1,"66":1,"67":1,"68":2,"69":2,"70":1,"71":0,"72":1,"73":2,"74":2,"75":2,"76":1,"77":1,"78":1,"79":0,"80":1,"81":2,"82":2,"83":1,"84":1,"85":1,"86":1,"87":2,"88":2,"89":1,"90":1,"91":1,"92":2,"93":2,"94":2,"95":1,"96":1,"97":1,"98":1,"99":1,"100":1,"101":0,"102":1,"103":2,"104":2,"105":2,"106":2,"107":1,"108":1,"109":1,"110":0,"111":1,"112":1,"113":2,"114":2,"115":1,"116":1,"117":1,"118":1,"119":2,"120":2,"121":1,"122":1,"123":1,"124":1,"125":2,"126":2,"127":1,"128":1,"129":1,"130":1},"f":{"0":0,"1":6,"2":3,"3":2,"4":1,"5":2,"6":2,"7":2,"8":2,"9":2,"10":2,"11":2,"12":2,"13":2},"b":{"0":[0,0],"1":[1],"2":[1,5],"3":[2,3],"4":[1,2],"5":[1,1],"6":[1,2],"7":[0,2],"8":[1,1],"9":[1,1],"10":[1,0],"11":[0,0],"12":[1,1],"13":[2,2],"14":[2,2],"15":[2,2],"16":[2,2],"17":[2,0],"18":[2,1],"19":[2,2],"20":[2,2],"21":[1,1],"22":[1,1]},"_coverageSchema":"1a1c01bbd47fc00a2c39e90264f33305004495a9","hash":"8246d57c8077214cc3066b5d8067be2ca99a337a"}
,"C:\\Users\\isaia\\OneDrive\\Área de Trabalho\\projetos\\ApiOnly\\src\\utils\\enum.js": {"path":"C:\\Users\\isaia\\OneDrive\\Área de Trabalho\\projetos\\ApiOnly\\src\\utils\\enum.js","statementMap":{"0":{"start":{"line":1,"column":23},"end":{"line":32,"column":1}},"1":{"start":{"line":34,"column":25},"end":{"line":51,"column":1}},"2":{"start":{"line":53,"column":31},"end":{"line":59,"column":1}},"3":{"start":{"line":61,"column":26},"end":{"line":72,"column":1}},"4":{"start":{"line":74,"column":0},"end":{"line":79,"column":2}}},"fnMap":{},"branchMap":{},"s":{"0":2,"1":2,"2":2,"3":2,"4":2},"f":{},"b":{},"_coverageSchema":"1a1c01bbd47fc00a2c39e90264f33305004495a9","hash":"cfb065df6213f1b35ca734a9140b32822d8b0f94"}
}
