TN:
SF:src\controllers\courseController.js
FN:6,(anonymous_0)
FN:74,(anonymous_1)
FN:98,(anonymous_2)
FN:128,(anonymous_3)
FN:152,(anonymous_4)
FN:182,(anonymous_5)
FN:209,(anonymous_6)
FN:228,(anonymous_7)
FN:262,(anonymous_8)
FN:280,(anonymous_9)
FN:307,(anonymous_10)
FN:336,(anonymous_11)
FN:367,(anonymous_12)
FN:391,(anonymous_13)
FN:421,(anonymous_14)
FN:452,(anonymous_15)
FN:478,(anonymous_16)
FN:509,(anonymous_17)
FNF:18
FNH:9
FNDA:1,(anonymous_0)
FNDA:0,(anonymous_1)
FNDA:0,(anonymous_2)
FNDA:3,(anonymous_3)
FNDA:0,(anonymous_4)
FNDA:2,(anonymous_5)
FNDA:2,(anonymous_6)
FNDA:0,(anonymous_7)
FNDA:2,(anonymous_8)
FNDA:2,(anonymous_9)
FNDA:3,(anonymous_10)
FNDA:3,(anonymous_11)
FNDA:3,(anonymous_12)
FNDA:0,(anonymous_13)
FNDA:0,(anonymous_14)
FNDA:0,(anonymous_15)
FNDA:0,(anonymous_16)
FNDA:0,(anonymous_17)
DA:1,2
DA:2,2
DA:3,2
DA:6,2
DA:7,1
DA:9,1
DA:10,1
DA:11,0
DA:18,1
DA:21,0
DA:22,0
DA:29,0
DA:34,0
DA:62,0
DA:67,1
DA:74,2
DA:75,0
DA:77,0
DA:78,0
DA:79,0
DA:86,0
DA:90,0
DA:91,0
DA:98,0
DA:99,0
DA:100,0
DA:107,0
DA:116,0
DA:121,0
DA:128,2
DA:129,3
DA:131,3
DA:132,0
DA:133,0
DA:140,0
DA:144,0
DA:145,0
DA:152,0
DA:153,0
DA:154,0
DA:161,0
DA:170,0
DA:175,3
DA:182,2
DA:183,2
DA:184,2
DA:194,0
DA:202,2
DA:209,2
DA:210,2
DA:212,2
DA:213,2
DA:214,2
DA:217,0
DA:228,0
DA:237,0
DA:240,0
DA:245,0
DA:254,2
DA:262,2
DA:263,2
DA:264,2
DA:267,0
DA:272,2
DA:280,2
DA:281,2
DA:282,2
DA:287,0
DA:288,0
DA:294,0
DA:299,2
DA:307,2
DA:308,3
DA:309,3
DA:320,0
DA:328,3
DA:336,2
DA:337,3
DA:338,3
DA:341,3
DA:346,0
DA:347,0
DA:353,0
DA:355,0
DA:360,3
DA:367,2
DA:368,3
DA:370,3
DA:371,0
DA:372,0
DA:379,0
DA:383,0
DA:384,0
DA:391,0
DA:392,0
DA:393,0
DA:400,0
DA:409,0
DA:414,3
DA:421,2
DA:422,0
DA:423,0
DA:424,0
DA:425,0
DA:431,0
DA:440,0
DA:445,0
DA:452,2
DA:453,0
DA:454,0
DA:455,0
DA:456,0
DA:462,0
DA:466,0
DA:471,0
DA:478,2
DA:479,0
DA:480,0
DA:481,0
DA:482,0
DA:488,0
DA:497,0
DA:502,0
DA:509,2
DA:510,0
DA:511,0
DA:512,0
DA:513,0
DA:519,0
DA:521,0
DA:526,0
DA:533,2
LF:132
LH:50
BRDA:10,0,0,0
BRDA:10,0,1,1
BRDA:21,1,0,0
BRDA:21,1,1,0
BRDA:78,2,0,0
BRDA:78,2,1,0
BRDA:90,3,0,0
BRDA:90,3,1,0
BRDA:99,4,0,0
BRDA:99,4,1,0
BRDA:132,5,0,0
BRDA:132,5,1,0
BRDA:144,6,0,0
BRDA:144,6,1,0
BRDA:153,7,0,0
BRDA:153,7,1,0
BRDA:213,8,0,2
BRDA:213,8,1,0
BRDA:287,9,0,0
BRDA:287,9,1,0
BRDA:312,10,0,0
BRDA:312,10,1,0
BRDA:313,11,0,0
BRDA:313,11,1,0
BRDA:314,12,0,0
BRDA:314,12,1,0
BRDA:315,13,0,0
BRDA:315,13,1,0
BRDA:316,14,0,0
BRDA:316,14,1,0
BRDA:346,15,0,0
BRDA:346,15,1,0
BRDA:371,16,0,0
BRDA:371,16,1,0
BRDA:383,17,0,0
BRDA:383,17,1,0
BRDA:392,18,0,0
BRDA:392,18,1,0
BRDA:424,19,0,0
BRDA:424,19,1,0
BRDA:455,20,0,0
BRDA:455,20,1,0
BRDA:481,21,0,0
BRDA:481,21,1,0
BRDA:491,22,0,0
BRDA:491,22,1,0
BRDA:492,23,0,0
BRDA:492,23,1,0
BRDA:493,24,0,0
BRDA:493,24,1,0
BRDA:512,25,0,0
BRDA:512,25,1,0
BRF:52
BRH:2
end_of_record
TN:
SF:src\controllers\userController.js
FN:14,(anonymous_0)
FN:26,(anonymous_1)
FN:122,(anonymous_2)
FN:186,(anonymous_3)
FN:231,(anonymous_4)
FN:234,(anonymous_5)
FN:248,(anonymous_6)
FN:279,(anonymous_7)
FN:348,(anonymous_8)
FN:364,(anonymous_9)
FN:421,(anonymous_10)
FN:452,(anonymous_11)
FN:481,(anonymous_12)
FN:507,(anonymous_13)
FNF:14
FNH:13
FNDA:0,(anonymous_0)
FNDA:6,(anonymous_1)
FNDA:3,(anonymous_2)
FNDA:2,(anonymous_3)
FNDA:1,(anonymous_4)
FNDA:2,(anonymous_5)
FNDA:2,(anonymous_6)
FNDA:2,(anonymous_7)
FNDA:2,(anonymous_8)
FNDA:2,(anonymous_9)
FNDA:2,(anonymous_10)
FNDA:2,(anonymous_11)
FNDA:2,(anonymous_12)
FNDA:2,(anonymous_13)
DA:1,1
DA:2,1
DA:3,1
DA:4,1
DA:5,1
DA:6,1
DA:7,1
DA:8,1
DA:11,1
DA:12,1
DA:14,1
DA:15,0
DA:17,0
DA:18,0
DA:21,0
DA:23,0
DA:26,1
DA:27,6
DA:29,6
DA:30,6
DA:31,1
DA:38,5
DA:39,5
DA:40,2
DA:47,3
DA:48,3
DA:49,1
DA:56,2
DA:60,2
DA:61,1
DA:67,1
DA:69,1
DA:83,1
DA:95,1
DA:114,0
DA:122,1
DA:123,3
DA:124,3
DA:129,3
DA:130,1
DA:137,2
DA:138,2
DA:139,0
DA:146,2
DA:147,2
DA:148,1
DA:154,1
DA:167,1
DA:169,1
DA:178,0
DA:186,1
DA:187,2
DA:188,2
DA:190,2
DA:191,1
DA:197,1
DA:198,1
DA:199,1
DA:205,0
DA:206,0
DA:212,0
DA:214,0
DA:219,0
DA:224,0
DA:231,1
DA:232,1
DA:233,1
DA:234,1
DA:235,2
DA:236,2
DA:239,1
DA:241,0
DA:248,1
DA:249,2
DA:250,2
DA:255,2
DA:256,1
DA:262,1
DA:263,1
DA:272,0
DA:279,1
DA:290,2
DA:291,2
DA:315,1
DA:330,1
DA:339,1
DA:348,1
DA:349,2
DA:350,2
DA:351,1
DA:357,1
DA:364,1
DA:365,2
DA:366,2
DA:370,2
DA:371,1
DA:377,1
DA:381,1
DA:389,1
DA:407,1
DA:409,1
DA:414,0
DA:421,1
DA:422,2
DA:423,2
DA:424,2
DA:426,2
DA:427,1
DA:433,1
DA:435,1
DA:440,0
DA:445,1
DA:452,1
DA:453,2
DA:455,2
DA:461,1
DA:464,1
DA:473,1
DA:481,1
DA:482,2
DA:483,2
DA:489,1
DA:491,1
DA:500,1
DA:507,1
DA:508,2
DA:509,2
DA:515,1
DA:517,1
DA:526,1
DA:533,1
LF:131
LH:113
BRDA:17,0,0,0
BRDA:17,0,1,0
BRDA:26,1,0,1
BRDA:30,2,0,1
BRDA:30,2,1,5
BRDA:39,3,0,2
BRDA:39,3,1,3
BRDA:48,4,0,1
BRDA:48,4,1,2
BRDA:60,5,0,1
BRDA:60,5,1,1
BRDA:129,6,0,1
BRDA:129,6,1,2
BRDA:138,7,0,0
BRDA:138,7,1,2
BRDA:147,8,0,1
BRDA:147,8,1,1
BRDA:190,9,0,1
BRDA:190,9,1,1
BRDA:198,10,0,1
BRDA:198,10,1,0
BRDA:205,11,0,0
BRDA:205,11,1,0
BRDA:255,12,0,1
BRDA:255,12,1,1
BRDA:294,13,0,2
BRDA:294,13,1,2
BRDA:295,14,0,2
BRDA:295,14,1,2
BRDA:296,15,0,2
BRDA:296,15,1,2
BRDA:297,16,0,2
BRDA:297,16,1,2
BRDA:298,17,0,2
BRDA:298,17,1,0
BRDA:299,18,0,2
BRDA:299,18,1,1
BRDA:300,19,0,2
BRDA:300,19,1,2
BRDA:301,20,0,2
BRDA:301,20,1,2
BRDA:370,21,0,1
BRDA:370,21,1,1
BRDA:426,22,0,1
BRDA:426,22,1,1
BRF:45
BRH:38
end_of_record
TN:
SF:src\utils\enum.js
FNF:0
FNH:0
DA:1,2
DA:34,2
DA:53,2
DA:61,2
DA:74,2
LF:5
LH:5
BRF:0
BRH:0
end_of_record
